{
  "RSpec": {
    "coverage": {
      "/Users/daniellukyanchuk/Documents/GitHub/point-of-sale-application/spec/models/order_spec.rb": {
        "lines": [
          1,
          null,
          1,
          null,
          null,
          null,
          null,
          null,
          null,
          null,
          null,
          null,
          null,
          null,
          null,
          null,
          null,
          null,
          null,
          null,
          null,
          null,
          null,
          null,
          null,
          null,
          null,
          null,
          null,
          null,
          null,
          null,
          null,
          null,
          null,
          null,
          null,
          null,
          null,
          null,
          null,
          null,
          null,
          null,
          null,
          null,
          null,
          null,
          null,
          null,
          null,
          null,
          null,
          null,
          null,
          1,
          1,
          null,
          1,
          1,
          null,
          1,
          1,
          null,
          1,
          null,
          null,
          null,
          null,
          1,
          1,
          1,
          null,
          1,
          1,
          1,
          null,
          null
        ]
      },
      "/Users/daniellukyanchuk/Documents/GitHub/point-of-sale-application/spec/rails_helper.rb": {
        "lines": [
          null,
          1,
          1,
          1,
          null,
          1,
          1,
          null,
          null,
          null,
          null,
          null,
          null,
          null,
          null,
          null,
          null,
          null,
          null,
          null,
          null,
          null,
          null,
          null,
          null,
          null,
          null,
          1,
          null,
          0,
          0,
          null,
          1,
          null,
          1,
          null,
          null,
          null,
          null,
          null,
          1,
          null,
          null,
          null,
          null,
          null,
          null,
          null,
          null,
          null,
          null,
          null,
          null,
          null,
          null,
          null,
          null,
          null,
          1,
          null,
          null,
          1,
          null,
          null,
          null
        ]
      },
      "/Users/daniellukyanchuk/Documents/GitHub/point-of-sale-application/config/environment.rb": {
        "lines": [
          null,
          1,
          null,
          null,
          1
        ]
      },
      "/Users/daniellukyanchuk/Documents/GitHub/point-of-sale-application/config/application.rb": {
        "lines": [
          1,
          null,
          1,
          null,
          1,
          null,
          null,
          null,
          1,
          null,
          1,
          1,
          null,
          1,
          null,
          null,
          null,
          null,
          null,
          null,
          1,
          1,
          null,
          null
        ]
      },
      "/Users/daniellukyanchuk/Documents/GitHub/point-of-sale-application/config/boot.rb": {
        "lines": [
          1,
          null,
          1,
          1
        ]
      },
      "/Users/daniellukyanchuk/Documents/GitHub/point-of-sale-application/config/environments/test.rb": {
        "lines": [
          1,
          null,
          null,
          null,
          null,
          null,
          null,
          1,
          null,
          null,
          null,
          null,
          1,
          null,
          null,
          1,
          1,
          null,
          null,
          null,
          null,
          1,
          1,
          null,
          null,
          1,
          null,
          null,
          1,
          null,
          null,
          1,
          null,
          1,
          null,
          null,
          null,
          null,
          1,
          null,
          null,
          1,
          null,
          null,
          null,
          null
        ]
      },
      "/Users/daniellukyanchuk/Documents/GitHub/point-of-sale-application/config/initializers/application_controller_renderer.rb": {
        "lines": [
          null,
          null,
          null,
          null,
          null,
          null,
          null,
          null
        ]
      },
      "/Users/daniellukyanchuk/Documents/GitHub/point-of-sale-application/config/initializers/assets.rb": {
        "lines": [
          null,
          null,
          null,
          1,
          null,
          null,
          null,
          null,
          1,
          null,
          null,
          null,
          null,
          null
        ]
      },
      "/Users/daniellukyanchuk/Documents/GitHub/point-of-sale-application/config/initializers/backtrace_silencers.rb": {
        "lines": [
          null,
          null,
          null,
          null,
          null,
          null,
          null
        ]
      },
      "/Users/daniellukyanchuk/Documents/GitHub/point-of-sale-application/config/initializers/content_security_policy.rb": {
        "lines": [
          null,
          null,
          null,
          null,
          null,
          null,
          null,
          null,
          null,
          null,
          null,
          null,
          null,
          null,
          null,
          null,
          null,
          null,
          null,
          null,
          null,
          null,
          null,
          null,
          null
        ]
      },
      "/Users/daniellukyanchuk/Documents/GitHub/point-of-sale-application/config/initializers/cookies_serializer.rb": {
        "lines": [
          null,
          null,
          null,
          null,
          1
        ]
      },
      "/Users/daniellukyanchuk/Documents/GitHub/point-of-sale-application/config/initializers/devise.rb": {
        "lines": [
          null,
          null,
          null,
          null,
          null,
          null,
          null,
          null,
          null,
          null,
          1,
          null,
          null,
          null,
          null,
          null,
          null,
          null,
          null,
          null,
          null,
          null,
          null,
          null,
          null,
          null,
          1,
          null,
          null,
          null,
          null,
          null,
          null,
          null,
          null,
          null,
          null,
          null,
          1,
          null,
          null,
          null,
          null,
          null,
          null,
          null,
          null,
          null,
          null,
          null,
          null,
          null,
          null,
          null,
          null,
          null,
          null,
          null,
          null,
          null,
          1,
          null,
          null,
          null,
          null,
          1,
          null,
          null,
          null,
          null,
          null,
          null,
          null,
          null,
          null,
          null,
          null,
          null,
          null,
          null,
          null,
          null,
          null,
          null,
          null,
          null,
          null,
          null,
          null,
          null,
          null,
          null,
          null,
          null,
          null,
          null,
          null,
          null,
          null,
          1,
          null,
          null,
          null,
          null,
          null,
          null,
          null,
          null,
          null,
          null,
          null,
          null,
          null,
          null,
          null,
          null,
          null,
          null,
          null,
          null,
          null,
          null,
          null,
          null,
          null,
          1,
          null,
          null,
          null,
          null,
          null,
          null,
          null,
          null,
          null,
          null,
          null,
          null,
          null,
          null,
          null,
          null,
          null,
          null,
          null,
          null,
          null,
          null,
          null,
          null,
          null,
          null,
          null,
          null,
          null,
          null,
          null,
          null,
          null,
          1,
          null,
          null,
          null,
          null,
          null,
          null,
          null,
          null,
          null,
          1,
          null,
          null,
          null,
          null,
          null,
          null,
          null,
          null,
          null,
          null,
          1,
          null,
          null,
          null,
          null,
          1,
          null,
          null,
          null,
          null,
          null,
          null,
          null,
          null,
          null,
          null,
          null,
          null,
          null,
          null,
          null,
          null,
          null,
          null,
          null,
          null,
          null,
          null,
          null,
          null,
          null,
          null,
          null,
          null,
          null,
          null,
          null,
          null,
          null,
          null,
          null,
          null,
          null,
          null,
          null,
          null,
          1,
          null,
          null,
          null,
          null,
          null,
          null,
          null,
          null,
          null,
          null,
          null,
          null,
          null,
          null,
          null,
          null,
          null,
          null,
          null,
          null,
          null,
          null,
          null,
          null,
          null,
          null,
          null,
          null,
          null,
          null,
          null,
          null,
          null,
          null,
          null,
          null,
          null,
          null,
          null,
          null,
          null,
          1,
          null,
          null,
          null,
          null,
          null,
          null,
          null,
          null,
          null,
          null,
          null,
          null,
          null,
          null,
          null,
          null,
          null,
          null,
          null,
          null,
          null,
          null,
          null,
          null,
          null,
          null,
          null,
          null,
          null,
          null,
          null,
          null,
          null,
          null,
          null,
          null,
          null,
          null,
          null,
          null,
          null,
          null
        ]
      },
      "/Users/daniellukyanchuk/Documents/GitHub/point-of-sale-application/config/initializers/fast_gettext.rb": {
        "lines": [
          1,
          1,
          1,
          1
        ]
      },
      "/Users/daniellukyanchuk/Documents/GitHub/point-of-sale-application/config/initializers/filter_parameter_logging.rb": {
        "lines": [
          null,
          null,
          null,
          1
        ]
      },
      "/Users/daniellukyanchuk/Documents/GitHub/point-of-sale-application/config/initializers/inflections.rb": {
        "lines": [
          null,
          null,
          null,
          null,
          null,
          null,
          null,
          null,
          null,
          null,
          null,
          null,
          null,
          null,
          null,
          null
        ]
      },
      "/Users/daniellukyanchuk/Documents/GitHub/point-of-sale-application/config/initializers/mime_types.rb": {
        "lines": [
          null,
          null,
          null,
          null
        ]
      },
      "/Users/daniellukyanchuk/Documents/GitHub/point-of-sale-application/config/initializers/stripe.rb": {
        "lines": [
          1,
          null
        ]
      },
      "/Users/daniellukyanchuk/Documents/GitHub/point-of-sale-application/config/initializers/wrap_parameters.rb": {
        "lines": [
          null,
          null,
          null,
          null,
          null,
          null,
          1,
          2,
          null,
          null,
          null,
          null,
          null,
          null
        ]
      },
      "/Users/daniellukyanchuk/Documents/GitHub/point-of-sale-application/spec/factories/inventory.rb": {
        "lines": [

        ]
      },
      "/Users/daniellukyanchuk/Documents/GitHub/point-of-sale-application/spec/factories/my_sorters.rb": {
        "lines": [
          1,
          1,
          null,
          null,
          null
        ]
      },
      "/Users/daniellukyanchuk/Documents/GitHub/point-of-sale-application/spec/factories/orders.rb": {
        "lines": [
          1,
          1,
          null,
          null,
          null
        ]
      },
      "/Users/daniellukyanchuk/Documents/GitHub/point-of-sale-application/spec/factories/productions.rb": {
        "lines": [
          1,
          1,
          null,
          null,
          null
        ]
      },
      "/Users/daniellukyanchuk/Documents/GitHub/point-of-sale-application/spec/factories/purchases.rb": {
        "lines": [
          1,
          1,
          null,
          null,
          null
        ]
      },
      "/Users/daniellukyanchuk/Documents/GitHub/point-of-sale-application/spec/factories/roles.rb": {
        "lines": [
          1,
          1,
          1,
          null,
          null
        ]
      },
      "/Users/daniellukyanchuk/Documents/GitHub/point-of-sale-application/spec/factories/settings.rb": {
        "lines": [
          1,
          1,
          1,
          1,
          1,
          1,
          null,
          null
        ]
      },
      "/Users/daniellukyanchuk/Documents/GitHub/point-of-sale-application/spec/factories/users.rb": {
        "lines": [
          1,
          1,
          null,
          null,
          null
        ]
      },
      "/Users/daniellukyanchuk/Documents/GitHub/point-of-sale-application/config/routes.rb": {
        "lines": [
          1,
          1,
          1,
          1,
          1,
          1,
          1,
          null,
          1,
          1,
          null,
          1,
          1,
          1,
          null,
          1,
          1,
          1,
          1,
          1,
          1,
          1,
          null,
          1,
          1,
          null,
          1,
          1,
          null,
          1,
          1,
          1,
          null,
          1,
          1,
          1,
          1,
          1,
          1,
          1,
          1,
          1,
          1,
          null,
          1,
          null,
          null
        ]
      },
      "/Users/daniellukyanchuk/Documents/GitHub/point-of-sale-application/app/models/user.rb": {
        "lines": [
          1,
          1,
          1,
          1,
          null,
          null,
          1,
          null,
          null,
          1,
          0,
          null,
          0,
          0,
          null,
          null,
          null,
          1,
          0,
          0,
          0,
          null,
          0,
          0,
          null,
          null,
          null,
          1,
          0,
          null,
          null,
          1,
          0,
          0,
          null,
          null
        ]
      },
      "/Users/daniellukyanchuk/Documents/GitHub/point-of-sale-application/app/models/application_record.rb": {
        "lines": [
          1,
          1,
          null
        ]
      },
      "/Users/daniellukyanchuk/Documents/GitHub/point-of-sale-application/app/helpers/application_helper.rb": {
        "lines": [
          1,
          1,
          0,
          0,
          0,
          0,
          null,
          0,
          null,
          null,
          1,
          0,
          0,
          0,
          null,
          null
        ]
      },
      "/Users/daniellukyanchuk/Documents/GitHub/point-of-sale-application/app/helpers/clients_helper.rb": {
        "lines": [
          1,
          null
        ]
      },
      "/Users/daniellukyanchuk/Documents/GitHub/point-of-sale-application/app/helpers/clients_imports_helper.rb": {
        "lines": [
          1,
          null
        ]
      },
      "/Users/daniellukyanchuk/Documents/GitHub/point-of-sale-application/app/helpers/inventories_helper.rb": {
        "lines": [
          1,
          null
        ]
      },
      "/Users/daniellukyanchuk/Documents/GitHub/point-of-sale-application/app/helpers/order_items_helper.rb": {
        "lines": [
          1,
          null
        ]
      },
      "/Users/daniellukyanchuk/Documents/GitHub/point-of-sale-application/app/helpers/order_report_helper.rb": {
        "lines": [
          1,
          null
        ]
      },
      "/Users/daniellukyanchuk/Documents/GitHub/point-of-sale-application/app/helpers/orders_helper.rb": {
        "lines": [
          1,
          null
        ]
      },
      "/Users/daniellukyanchuk/Documents/GitHub/point-of-sale-application/app/helpers/productions_helper.rb": {
        "lines": [
          1,
          null
        ]
      },
      "/Users/daniellukyanchuk/Documents/GitHub/point-of-sale-application/app/helpers/products_helper.rb": {
        "lines": [
          1,
          null
        ]
      },
      "/Users/daniellukyanchuk/Documents/GitHub/point-of-sale-application/app/helpers/purchases_helper.rb": {
        "lines": [
          1,
          null
        ]
      },
      "/Users/daniellukyanchuk/Documents/GitHub/point-of-sale-application/app/helpers/recipes_helper.rb": {
        "lines": [
          1,
          null
        ]
      },
      "/Users/daniellukyanchuk/Documents/GitHub/point-of-sale-application/app/helpers/roles_helper.rb": {
        "lines": [
          1,
          null
        ]
      },
      "/Users/daniellukyanchuk/Documents/GitHub/point-of-sale-application/app/helpers/settings_helper.rb": {
        "lines": [
          1,
          null
        ]
      },
      "/Users/daniellukyanchuk/Documents/GitHub/point-of-sale-application/app/helpers/suppliers_helper.rb": {
        "lines": [
          1,
          null
        ]
      },
      "/Users/daniellukyanchuk/Documents/GitHub/point-of-sale-application/app/helpers/users_helper.rb": {
        "lines": [
          1,
          null
        ]
      },
      "/Users/daniellukyanchuk/Documents/GitHub/point-of-sale-application/app/models/order.rb": {
        "lines": [
          1,
          1,
          1,
          1,
          1,
          1,
          1,
          1,
          null,
          1,
          null,
          1,
          1,
          1,
          2,
          2,
          null,
          null,
          null,
          1,
          1,
          0,
          0,
          null,
          null,
          null,
          1,
          0,
          0,
          null,
          null,
          null,
          1,
          1,
          2,
          2,
          null,
          2,
          null,
          2,
          null,
          null,
          null,
          1,
          0,
          0,
          0,
          null,
          0,
          null,
          null,
          0,
          0,
          0,
          0,
          null,
          0,
          0,
          null,
          null,
          0,
          0,
          null,
          null,
          0,
          0,
          null,
          null,
          1,
          0,
          0,
          null,
          null,
          0,
          null,
          null,
          0,
          null,
          null,
          0,
          null,
          null,
          null,
          0,
          0,
          null,
          null,
          0,
          0,
          null,
          0,
          null,
          null,
          0,
          null,
          0,
          null,
          null,
          null,
          null,
          null,
          null,
          null,
          null,
          null,
          null,
          null,
          null,
          0,
          null,
          null,
          null,
          1,
          0,
          0,
          null,
          null,
          0,
          null,
          null,
          0,
          null,
          0,
          null,
          null,
          null,
          null,
          null,
          null,
          0,
          0,
          null,
          null,
          0,
          0,
          null,
          0,
          null,
          null,
          0,
          0,
          0,
          null,
          0,
          null,
          null,
          null,
          0,
          null,
          null,
          0,
          null,
          null,
          null,
          null,
          null,
          null,
          null,
          null,
          null,
          null,
          null,
          null,
          null,
          null,
          null,
          null,
          null,
          null,
          null,
          null,
          null,
          null,
          null,
          null,
          null,
          null,
          null,
          null,
          null,
          null,
          null,
          null,
          null,
          null,
          null,
          null,
          null,
          0,
          null,
          null
        ]
      },
      "/Users/daniellukyanchuk/Documents/GitHub/point-of-sale-application/app/models/client.rb": {
        "lines": [
          1,
          1,
          1,
          1,
          1,
          1,
          0,
          0,
          null,
          0,
          null,
          null,
          null
        ]
      },
      "/Users/daniellukyanchuk/Documents/GitHub/point-of-sale-application/app/models/product.rb": {
        "lines": [
          1,
          1,
          1,
          1,
          1,
          1,
          1,
          1,
          null,
          1,
          0,
          0,
          null,
          0,
          null,
          null,
          null
        ]
      },
      "/Users/daniellukyanchuk/Documents/GitHub/point-of-sale-application/app/models/inventory.rb": {
        "lines": [
          1,
          1,
          1,
          1,
          1,
          null,
          1,
          null,
          null,
          1,
          6,
          6,
          null,
          null,
          null,
          1,
          null,
          1,
          null,
          null,
          null,
          null,
          0,
          null,
          0,
          0,
          null,
          null,
          null,
          null,
          0,
          null,
          null,
          0,
          0,
          0,
          0,
          null,
          0,
          0,
          null,
          null,
          0,
          0,
          null,
          0,
          0,
          null,
          null,
          1,
          0,
          null,
          null,
          1,
          2,
          2,
          2,
          2,
          2,
          null,
          2,
          2,
          null,
          null,
          null,
          1,
          0,
          null,
          null,
          null,
          1,
          4,
          2,
          null,
          null,
          4,
          0,
          null,
          null,
          4,
          null,
          4,
          4,
          null,
          null
        ]
      },
      "/Users/daniellukyanchuk/Documents/GitHub/point-of-sale-application/app/models/purchase.rb": {
        "lines": [
          1,
          null,
          1,
          1,
          1,
          1,
          1,
          1,
          1,
          1,
          null,
          null,
          1,
          0,
          0,
          0,
          null,
          null,
          null,
          1,
          0,
          null,
          0,
          0,
          null,
          null,
          null,
          0,
          null,
          null,
          0,
          0,
          0,
          0,
          null,
          0,
          0,
          null,
          null,
          0,
          0,
          null,
          null,
          0,
          0,
          null,
          null,
          1,
          0,
          0,
          0,
          0,
          null,
          null,
          null,
          1,
          0,
          0,
          0,
          0,
          null,
          null,
          null
        ]
      },
      "/Users/daniellukyanchuk/Documents/GitHub/point-of-sale-application/app/models/order_product.rb": {
        "lines": [
          1,
          1,
          1,
          1,
          1,
          1,
          1,
          null,
          1,
          4,
          null,
          null,
          1,
          null,
          null,
          null,
          null,
          null,
          2,
          null,
          2,
          0,
          null,
          null,
          null,
          1,
          null,
          null,
          2,
          null,
          2,
          null,
          null,
          null,
          null,
          null,
          null,
          null,
          null,
          null,
          null,
          null,
          null,
          null,
          null,
          null,
          null,
          null,
          null
        ]
      }
    },
    "timestamp": 1655192375
  }
}
