{
  "RSpec": {
    "coverage": {
      "/Users/daniellukyanchuk/Documents/GitHub/point_of_sale/spec/models/my_sorter_spec.rb": {
        "lines": [
          1,
          null,
          1,
          null,
          1,
          1,
          null,
          null,
          null,
          1,
          null,
          null,
          null,
          1,
          null,
          null,
          1,
          null,
          1,
          null,
          1,
          null,
          1,
          null,
          null,
          null,
          null
        ]
      },
      "/Users/daniellukyanchuk/Documents/GitHub/point_of_sale/spec/rails_helper.rb": {
        "lines": [
          null,
          1,
          1,
          1,
          null,
          1,
          1,
          null,
          null,
          null,
          null,
          null,
          null,
          null,
          null,
          null,
          null,
          null,
          null,
          null,
          null,
          null,
          null,
          null,
          null,
          null,
          null,
          1,
          null,
          0,
          0,
          null,
          1,
          null,
          1,
          null,
          null,
          null,
          null,
          null,
          1,
          null,
          null,
          null,
          null,
          null,
          null,
          null,
          null,
          null,
          null,
          null,
          null,
          null,
          null,
          null,
          null,
          null,
          1,
          null,
          null,
          1,
          null,
          null,
          null
        ]
      },
      "/Users/daniellukyanchuk/Documents/GitHub/point_of_sale/config/environment.rb": {
        "lines": [
          null,
          1,
          null,
          null,
          1
        ]
      },
      "/Users/daniellukyanchuk/Documents/GitHub/point_of_sale/config/application.rb": {
        "lines": [
          1,
          null,
          1,
          null,
          null,
          null,
          1,
          null,
          1,
          1,
          null,
          1,
          null,
          null,
          null,
          null,
          null,
          null,
          null
        ]
      },
      "/Users/daniellukyanchuk/Documents/GitHub/point_of_sale/config/boot.rb": {
        "lines": [
          1,
          null,
          1,
          1
        ]
      },
      "/Users/daniellukyanchuk/Documents/GitHub/point_of_sale/config/environments/test.rb": {
        "lines": [
          1,
          null,
          null,
          null,
          null,
          null,
          null,
          1,
          null,
          null,
          null,
          null,
          1,
          null,
          null,
          1,
          1,
          null,
          null,
          null,
          null,
          1,
          1,
          null,
          null,
          1,
          null,
          null,
          1,
          null,
          null,
          1,
          null,
          1,
          null,
          null,
          null,
          null,
          1,
          null,
          null,
          1,
          null,
          null,
          null,
          null
        ]
      },
      "/Users/daniellukyanchuk/Documents/GitHub/point_of_sale/config/initializers/application_controller_renderer.rb": {
        "lines": [
          null,
          null,
          null,
          null,
          null,
          null,
          null,
          null
        ]
      },
      "/Users/daniellukyanchuk/Documents/GitHub/point_of_sale/config/initializers/assets.rb": {
        "lines": [
          null,
          null,
          null,
          1,
          null,
          null,
          null,
          null,
          1,
          null,
          null,
          null,
          null,
          null
        ]
      },
      "/Users/daniellukyanchuk/Documents/GitHub/point_of_sale/config/initializers/backtrace_silencers.rb": {
        "lines": [
          null,
          null,
          null,
          null,
          null,
          null,
          null
        ]
      },
      "/Users/daniellukyanchuk/Documents/GitHub/point_of_sale/config/initializers/content_security_policy.rb": {
        "lines": [
          null,
          null,
          null,
          null,
          null,
          null,
          null,
          null,
          null,
          null,
          null,
          null,
          null,
          null,
          null,
          null,
          null,
          null,
          null,
          null,
          null,
          null,
          null,
          null,
          null
        ]
      },
      "/Users/daniellukyanchuk/Documents/GitHub/point_of_sale/config/initializers/cookies_serializer.rb": {
        "lines": [
          null,
          null,
          null,
          null,
          1
        ]
      },
      "/Users/daniellukyanchuk/Documents/GitHub/point_of_sale/config/initializers/filter_parameter_logging.rb": {
        "lines": [
          null,
          null,
          null,
          1
        ]
      },
      "/Users/daniellukyanchuk/Documents/GitHub/point_of_sale/config/initializers/inflections.rb": {
        "lines": [
          null,
          null,
          null,
          null,
          null,
          null,
          null,
          null,
          null,
          null,
          null,
          null,
          null,
          null,
          null,
          null
        ]
      },
      "/Users/daniellukyanchuk/Documents/GitHub/point_of_sale/config/initializers/mime_types.rb": {
        "lines": [
          null,
          null,
          null,
          null
        ]
      },
      "/Users/daniellukyanchuk/Documents/GitHub/point_of_sale/config/initializers/wrap_parameters.rb": {
        "lines": [
          null,
          null,
          null,
          null,
          null,
          null,
          1,
          2,
          null,
          null,
          null,
          null,
          null,
          null
        ]
      },
      "/Users/daniellukyanchuk/Documents/GitHub/point_of_sale/spec/factories/inventory.rb": {
        "lines": [

        ]
      },
      "/Users/daniellukyanchuk/Documents/GitHub/point_of_sale/spec/factories/my_sorters.rb": {
        "lines": [
          1,
          1,
          null,
          null,
          null
        ]
      },
      "/Users/daniellukyanchuk/Documents/GitHub/point_of_sale/spec/factories/orders.rb": {
        "lines": [
          1,
          1,
          null,
          null,
          null
        ]
      },
      "/Users/daniellukyanchuk/Documents/GitHub/point_of_sale/spec/factories/productions.rb": {
        "lines": [
          1,
          1,
          null,
          null,
          null
        ]
      },
      "/Users/daniellukyanchuk/Documents/GitHub/point_of_sale/spec/factories/purchases.rb": {
        "lines": [
          1,
          1,
          null,
          null,
          null
        ]
      },
      "/Users/daniellukyanchuk/Documents/GitHub/point_of_sale/config/routes.rb": {
        "lines": [
          1,
          1,
          1,
          1,
          1,
          1,
          1,
          1,
          null,
          1,
          1,
          1,
          1,
          1,
          1,
          1,
          1,
          1,
          1,
          1,
          null,
          null,
          null
        ]
      },
      "/Users/daniellukyanchuk/Documents/GitHub/point_of_sale/app/helpers/application_helper.rb": {
        "lines": [
          1,
          1,
          0,
          0,
          0,
          0,
          null,
          0,
          null,
          null,
          1,
          0,
          0,
          0,
          null,
          null
        ]
      },
      "/Users/daniellukyanchuk/Documents/GitHub/point_of_sale/app/helpers/clients_helper.rb": {
        "lines": [
          1,
          null
        ]
      },
      "/Users/daniellukyanchuk/Documents/GitHub/point_of_sale/app/helpers/inventories_helper.rb": {
        "lines": [
          1,
          null
        ]
      },
      "/Users/daniellukyanchuk/Documents/GitHub/point_of_sale/app/helpers/order_items_helper.rb": {
        "lines": [
          1,
          null
        ]
      },
      "/Users/daniellukyanchuk/Documents/GitHub/point_of_sale/app/helpers/order_report_helper.rb": {
        "lines": [
          1,
          null
        ]
      },
      "/Users/daniellukyanchuk/Documents/GitHub/point_of_sale/app/helpers/orders_helper.rb": {
        "lines": [
          1,
          null
        ]
      },
      "/Users/daniellukyanchuk/Documents/GitHub/point_of_sale/app/helpers/productions_helper.rb": {
        "lines": [
          1,
          null
        ]
      },
      "/Users/daniellukyanchuk/Documents/GitHub/point_of_sale/app/helpers/products_helper.rb": {
        "lines": [
          1,
          null
        ]
      },
      "/Users/daniellukyanchuk/Documents/GitHub/point_of_sale/app/helpers/purchases_helper.rb": {
        "lines": [
          1,
          null
        ]
      },
      "/Users/daniellukyanchuk/Documents/GitHub/point_of_sale/app/helpers/recipes_helper.rb": {
        "lines": [
          1,
          null
        ]
      },
      "/Users/daniellukyanchuk/Documents/GitHub/point_of_sale/app/helpers/suppliers_helper.rb": {
        "lines": [
          1,
          null
        ]
      },
      "/Users/daniellukyanchuk/Documents/GitHub/point_of_sale/app/models/my_sorter.rb": {
        "lines": [
          1,
          null,
          null,
          null,
          null,
          1,
          null,
          null,
          null,
          null,
          null,
          null,
          1,
          1,
          5,
          null,
          1,
          null,
          null,
          1,
          6,
          6,
          20,
          6,
          14,
          8,
          null,
          null,
          6,
          null,
          null,
          null,
          null,
          null,
          null
        ]
      }
    },
    "timestamp": 1644903018
  }
}
